  [1m[35m (120.5ms)[0m  [1m[35mCREATE TABLE "schema_migrations" ("version" varchar NOT NULL PRIMARY KEY)[0m
  [1m[35m (105.7ms)[0m  [1m[35mCREATE TABLE "ar_internal_metadata" ("key" varchar NOT NULL PRIMARY KEY, "value" varchar, "created_at" datetime NOT NULL, "updated_at" datetime NOT NULL)[0m
  [1m[36mActiveRecord::SchemaMigration Load (0.3ms)[0m  [1m[34mSELECT "schema_migrations".* FROM "schema_migrations"[0m
Migrating to CreateUsers (20170924163643)
  [1m[35m (0.2ms)[0m  [1m[36mbegin transaction[0m
  [1m[35m (0.7ms)[0m  [1m[35mCREATE TABLE "users" ("id" INTEGER PRIMARY KEY AUTOINCREMENT NOT NULL, "name" varchar, "email" varchar, "created_at" datetime NOT NULL, "updated_at" datetime NOT NULL)[0m
  [1m[35mSQL (0.3ms)[0m  [1m[32mINSERT INTO "schema_migrations" ("version") VALUES (?)[0m  [["version", "20170924163643"]]
  [1m[35m (92.2ms)[0m  [1m[36mcommit transaction[0m
  [1m[36mActiveRecord::InternalMetadata Load (0.3ms)[0m  [1m[34mSELECT  "ar_internal_metadata".* FROM "ar_internal_metadata" WHERE "ar_internal_metadata"."key" = ? LIMIT ?[0m  [["key", "environment"], ["LIMIT", 1]]
  [1m[35m (0.2ms)[0m  [1m[36mbegin transaction[0m
  [1m[35mSQL (0.5ms)[0m  [1m[32mINSERT INTO "ar_internal_metadata" ("key", "value", "created_at", "updated_at") VALUES (?, ?, ?, ?)[0m  [["key", "environment"], ["value", "development"], ["created_at", "2017-09-24 16:36:57.401044"], ["updated_at", "2017-09-24 16:36:57.401044"]]
  [1m[35m (87.3ms)[0m  [1m[36mcommit transaction[0m
  [1m[36mActiveRecord::SchemaMigration Load (5.7ms)[0m  [1m[34mSELECT "schema_migrations".* FROM "schema_migrations"[0m
Started GET "/" for 127.0.0.1 at 2017-09-24 23:37:27 +0700
  [1m[36mActiveRecord::SchemaMigration Load (0.3ms)[0m  [1m[34mSELECT "schema_migrations".* FROM "schema_migrations"[0m
Processing by Rails::WelcomeController#index as HTML
  Parameters: {"internal"=>true}
  Rendering /home/duong/.rbenv/versions/2.4.0/lib/ruby/gems/2.4.0/gems/railties-5.0.6/lib/rails/templates/rails/welcome/index.html.erb
  Rendered /home/duong/.rbenv/versions/2.4.0/lib/ruby/gems/2.4.0/gems/railties-5.0.6/lib/rails/templates/rails/welcome/index.html.erb (6.5ms)
Completed 200 OK in 36ms (Views: 15.3ms | ActiveRecord: 0.0ms)


Started GET "/users" for 127.0.0.1 at 2017-09-24 23:37:32 +0700
Processing by UsersController#index as HTML
  Rendering users/index.html.erb within layouts/application
  [1m[36mUser Load (1.0ms)[0m  [1m[34mSELECT "users".* FROM "users"[0m
  Rendered users/index.html.erb within layouts/application (14.0ms)
Completed 200 OK in 2020ms (Views: 1984.3ms | ActiveRecord: 1.9ms)


Started GET "/users/new" for 127.0.0.1 at 2017-09-24 23:37:36 +0700
Processing by UsersController#new as HTML
  Rendering users/new.html.erb within layouts/application
  Rendered users/_form.html.erb (35.5ms)
  Rendered users/new.html.erb within layouts/application (38.2ms)
Completed 200 OK in 108ms (Views: 88.8ms | ActiveRecord: 1.0ms)


Started POST "/users" for 127.0.0.1 at 2017-09-24 23:37:41 +0700
Processing by UsersController#create as HTML
  Parameters: {"utf8"=>"✓", "authenticity_token"=>"++HGIMtu72KfY0T75TRAwOK+QnauCjuek/Sv/BI8VmB8lqZ3Wbfn9cxzXrvxljdyLk/Zs28yBsZSD3H2if7fQA==", "user"=>{"name"=>"duong", "email"=>"duong@gmail.com"}, "commit"=>"Create User"}
  [1m[35m (0.2ms)[0m  [1m[36mbegin transaction[0m
  [1m[35mSQL (2.9ms)[0m  [1m[32mINSERT INTO "users" ("name", "email", "created_at", "updated_at") VALUES (?, ?, ?, ?)[0m  [["name", "duong"], ["email", "duong@gmail.com"], ["created_at", "2017-09-24 16:37:41.797095"], ["updated_at", "2017-09-24 16:37:41.797095"]]
  [1m[35m (140.9ms)[0m  [1m[36mcommit transaction[0m
Redirected to http://localhost:3000/users/1
Completed 302 Found in 154ms (ActiveRecord: 144.0ms)


Started GET "/users/1" for 127.0.0.1 at 2017-09-24 23:37:41 +0700
Processing by UsersController#show as HTML
  Parameters: {"id"=>"1"}
  [1m[36mUser Load (0.5ms)[0m  [1m[34mSELECT  "users".* FROM "users" WHERE "users"."id" = ? LIMIT ?[0m  [["id", 1], ["LIMIT", 1]]
  Rendering users/show.html.erb within layouts/application
  Rendered users/show.html.erb within layouts/application (1.7ms)
Completed 200 OK in 105ms (Views: 96.4ms | ActiveRecord: 0.5ms)


Started GET "/users" for 127.0.0.1 at 2017-09-24 23:37:43 +0700
Processing by UsersController#index as HTML
  Rendering users/index.html.erb within layouts/application
  [1m[36mUser Load (0.4ms)[0m  [1m[34mSELECT "users".* FROM "users"[0m
  Rendered users/index.html.erb within layouts/application (9.4ms)
Completed 200 OK in 92ms (Views: 87.7ms | ActiveRecord: 0.4ms)


Started GET "/" for 127.0.0.1 at 2017-09-24 23:39:06 +0700
  [1m[36mActiveRecord::SchemaMigration Load (0.3ms)[0m  [1m[34mSELECT "schema_migrations".* FROM "schema_migrations"[0m
Processing by UsersController#index as HTML
  Rendering users/index.html.erb within layouts/application
  [1m[36mUser Load (0.4ms)[0m  [1m[34mSELECT "users".* FROM "users"[0m
  Rendered users/index.html.erb within layouts/application (26.7ms)
Completed 200 OK in 550ms (Views: 516.4ms | ActiveRecord: 1.9ms)


  [1m[36mActiveRecord::SchemaMigration Load (0.4ms)[0m  [1m[34mSELECT "schema_migrations".* FROM "schema_migrations"[0m
Migrating to CreateMicroposts (20170924164046)
  [1m[35m (0.1ms)[0m  [1m[36mbegin transaction[0m
  [1m[35m (3.1ms)[0m  [1m[35mCREATE TABLE "microposts" ("id" INTEGER PRIMARY KEY AUTOINCREMENT NOT NULL, "content" text, "user_id" integer, "created_at" datetime NOT NULL, "updated_at" datetime NOT NULL)[0m
  [1m[35mSQL (0.9ms)[0m  [1m[32mINSERT INTO "schema_migrations" ("version") VALUES (?)[0m  [["version", "20170924164046"]]
  [1m[35m (139.2ms)[0m  [1m[36mcommit transaction[0m
  [1m[36mActiveRecord::InternalMetadata Load (0.5ms)[0m  [1m[34mSELECT  "ar_internal_metadata".* FROM "ar_internal_metadata" WHERE "ar_internal_metadata"."key" = ? LIMIT ?[0m  [["key", "environment"], ["LIMIT", 1]]
  [1m[35m (0.3ms)[0m  [1m[36mbegin transaction[0m
  [1m[35m (0.2ms)[0m  [1m[36mcommit transaction[0m
  [1m[36mActiveRecord::SchemaMigration Load (0.3ms)[0m  [1m[34mSELECT "schema_migrations".* FROM "schema_migrations"[0m
Started GET "/microposts" for 127.0.0.1 at 2017-09-24 23:41:11 +0700
  [1m[36mActiveRecord::SchemaMigration Load (0.5ms)[0m  [1m[34mSELECT "schema_migrations".* FROM "schema_migrations"[0m
Processing by MicropostsController#index as HTML
  Rendering microposts/index.html.erb within layouts/application
  [1m[36mMicropost Load (0.4ms)[0m  [1m[34mSELECT "microposts".* FROM "microposts"[0m
  Rendered microposts/index.html.erb within layouts/application (14.1ms)
Completed 200 OK in 752ms (Views: 718.7ms | ActiveRecord: 1.1ms)


Started GET "/microposts/new" for 127.0.0.1 at 2017-09-24 23:41:14 +0700
Processing by MicropostsController#new as HTML
  Rendering microposts/new.html.erb within layouts/application
  Rendered microposts/_form.html.erb (43.0ms)
  Rendered microposts/new.html.erb within layouts/application (46.0ms)
Completed 200 OK in 117ms (Views: 98.9ms | ActiveRecord: 1.5ms)


Started POST "/microposts" for 127.0.0.1 at 2017-09-24 23:41:18 +0700
Processing by MicropostsController#create as HTML
  Parameters: {"utf8"=>"✓", "authenticity_token"=>"JdoUBbtztNd4aKtQ1UXCNINMS1xyDwBIEYGwz7t+NXyJP0IfnFaneMWFjffiWrFBxLdNGahq7ZuErbbb8D3cag==", "micropost"=>{"content"=>"ádsadasdas", "user_id"=>"1"}, "commit"=>"Create Micropost"}
  [1m[35m (0.2ms)[0m  [1m[36mbegin transaction[0m
  [1m[35mSQL (4.0ms)[0m  [1m[32mINSERT INTO "microposts" ("content", "user_id", "created_at", "updated_at") VALUES (?, ?, ?, ?)[0m  [["content", "ádsadasdas"], ["user_id", 1], ["created_at", "2017-09-24 16:41:18.128874"], ["updated_at", "2017-09-24 16:41:18.128874"]]
  [1m[35m (136.8ms)[0m  [1m[36mcommit transaction[0m
Redirected to http://localhost:3000/microposts/1
Completed 302 Found in 156ms (ActiveRecord: 141.0ms)


Started GET "/microposts/1" for 127.0.0.1 at 2017-09-24 23:41:18 +0700
Processing by MicropostsController#show as HTML
  Parameters: {"id"=>"1"}
  [1m[36mMicropost Load (0.4ms)[0m  [1m[34mSELECT  "microposts".* FROM "microposts" WHERE "microposts"."id" = ? LIMIT ?[0m  [["id", 1], ["LIMIT", 1]]
  Rendering microposts/show.html.erb within layouts/application
  Rendered microposts/show.html.erb within layouts/application (2.5ms)
Completed 200 OK in 117ms (Views: 107.9ms | ActiveRecord: 0.4ms)


Started GET "/microposts" for 127.0.0.1 at 2017-09-24 23:41:20 +0700
Processing by MicropostsController#index as HTML
  Rendering microposts/index.html.erb within layouts/application
  [1m[36mMicropost Load (0.3ms)[0m  [1m[34mSELECT "microposts".* FROM "microposts"[0m
  Rendered microposts/index.html.erb within layouts/application (4.5ms)
Completed 200 OK in 65ms (Views: 62.0ms | ActiveRecord: 0.3ms)


Started GET "/" for 127.0.0.1 at 2017-09-24 23:43:12 +0700
Processing by UsersController#index as HTML
  Rendering users/index.html.erb within layouts/application
  [1m[36mUser Load (0.6ms)[0m  [1m[34mSELECT "users".* FROM "users"[0m
  Rendered users/index.html.erb within layouts/application (19.8ms)
Completed 200 OK in 126ms (Views: 101.6ms | ActiveRecord: 2.3ms)


Started GET "/users/new" for 127.0.0.1 at 2017-09-24 23:43:13 +0700
Processing by UsersController#new as HTML
  Rendering users/new.html.erb within layouts/application
  Rendered users/_form.html.erb (10.4ms)
  Rendered users/new.html.erb within layouts/application (13.9ms)
Completed 200 OK in 108ms (Views: 105.0ms | ActiveRecord: 0.0ms)


Started POST "/users" for 127.0.0.1 at 2017-09-24 23:43:14 +0700
Processing by UsersController#create as HTML
  Parameters: {"utf8"=>"✓", "authenticity_token"=>"GAclaehaitsVDkDw/HY9Eg7UKeh9I/2701NK/85RKGufcEU+eoOCTEYeWrDo1EqgwiWyLbwbwOMSqJT1VZOhSw==", "user"=>{"name"=>"", "email"=>""}, "commit"=>"Create User"}
  [1m[35m (0.2ms)[0m  [1m[36mbegin transaction[0m
  [1m[35m (0.2ms)[0m  [1m[31mrollback transaction[0m
  Rendering users/new.html.erb within layouts/application
  Rendered users/_form.html.erb (9.4ms)
  Rendered users/new.html.erb within layouts/application (12.3ms)
Completed 200 OK in 93ms (Views: 80.3ms | ActiveRecord: 0.3ms)


Started GET "/users" for 127.0.0.1 at 2017-09-24 23:48:51 +0700
  [1m[36mActiveRecord::SchemaMigration Load (0.3ms)[0m  [1m[34mSELECT "schema_migrations".* FROM "schema_migrations"[0m
Processing by UsersController#index as HTML
  Rendering users/index.html.erb within layouts/application
  [1m[36mUser Load (0.5ms)[0m  [1m[34mSELECT "users".* FROM "users"[0m
  Rendered users/index.html.erb within layouts/application (37.2ms)
Completed 200 OK in 610ms (Views: 564.8ms | ActiveRecord: 2.1ms)


Started GET "/" for 127.0.0.1 at 2017-09-24 23:48:59 +0700
Processing by UsersController#index as HTML
  Rendering users/index.html.erb within layouts/application
  [1m[36mUser Load (0.8ms)[0m  [1m[34mSELECT "users".* FROM "users"[0m
  Rendered users/index.html.erb within layouts/application (5.0ms)
Completed 200 OK in 64ms (Views: 60.8ms | ActiveRecord: 0.8ms)


Started GET "/users/new" for 127.0.0.1 at 2017-09-24 23:49:01 +0700
Processing by UsersController#new as HTML
  Rendering users/new.html.erb within layouts/application
  Rendered users/_form.html.erb (33.1ms)
  Rendered users/new.html.erb within layouts/application (35.7ms)
Completed 200 OK in 90ms (Views: 86.0ms | ActiveRecord: 0.0ms)


Started GET "/" for 127.0.0.1 at 2017-09-24 23:52:14 +0700
Processing by UsersController#index as HTML
  Rendering users/index.html.erb within layouts/application
  [1m[36mUser Load (0.4ms)[0m  [1m[34mSELECT "users".* FROM "users"[0m
  Rendered users/index.html.erb within layouts/application (4.6ms)
Completed 200 OK in 74ms (Views: 71.3ms | ActiveRecord: 0.4ms)


Started GET "/users/1" for 127.0.0.1 at 2017-09-24 23:52:15 +0700
Processing by UsersController#show as HTML
  Parameters: {"id"=>"1"}
  [1m[36mUser Load (0.4ms)[0m  [1m[34mSELECT  "users".* FROM "users" WHERE "users"."id" = ? LIMIT ?[0m  [["id", 1], ["LIMIT", 1]]
  Rendering users/show.html.erb within layouts/application
  [1m[36mMicropost Load (0.4ms)[0m  [1m[34mSELECT "microposts".* FROM "microposts" WHERE "microposts"."user_id" = ?[0m  [["user_id", 1]]
  Rendered users/show.html.erb within layouts/application (115.0ms)
Completed 200 OK in 208ms (Views: 196.8ms | ActiveRecord: 2.8ms)


Started GET "/users/1" for 127.0.0.1 at 2017-09-25 00:00:54 +0700
Processing by UsersController#show as HTML
  Parameters: {"id"=>"1"}
  [1m[36mUser Load (0.4ms)[0m  [1m[34mSELECT  "users".* FROM "users" WHERE "users"."id" = ? LIMIT ?[0m  [["id", 1], ["LIMIT", 1]]
  Rendering users/show.html.erb within layouts/application
  [1m[36mMicropost Load (0.5ms)[0m  [1m[34mSELECT "microposts".* FROM "microposts" WHERE "microposts"."user_id" = ?[0m  [["user_id", 1]]
  Rendered users/show.html.erb within layouts/application (7.2ms)
Completed 200 OK in 74ms (Views: 68.6ms | ActiveRecord: 1.0ms)


Started GET "/microposts" for 127.0.0.1 at 2017-09-25 00:00:59 +0700
Processing by MicropostsController#index as HTML
  Rendering microposts/index.html.erb within layouts/application
  [1m[36mMicropost Load (0.3ms)[0m  [1m[34mSELECT "microposts".* FROM "microposts"[0m
  Rendered microposts/index.html.erb within layouts/application (5.0ms)
Completed 200 OK in 62ms (Views: 58.7ms | ActiveRecord: 0.3ms)


Started GET "/microposts/new" for 127.0.0.1 at 2017-09-25 00:01:03 +0700
Processing by MicropostsController#new as HTML
  Rendering microposts/new.html.erb within layouts/application
  Rendered microposts/_form.html.erb (25.9ms)
  Rendered microposts/new.html.erb within layouts/application (28.9ms)
Completed 500 Internal Server Error in 36ms (ActiveRecord: 0.0ms)


  
ActionView::Template::Error (undefined method `map' for nil:NilClass):
    17:   </div>
    18: 
    19:   <div class="field">
    20:     <%= f.select :name, @users.map {|c| [c.name]} %>
    21:     <% @users.each do |user| %>
    22:       <option><%= user.name %></option>>
    23:     <% end %>
  
app/views/microposts/_form.html.erb:20:in `block in _app_views_microposts__form_html_erb___4332074436960701179_70002381546900'
app/views/microposts/_form.html.erb:1:in `_app_views_microposts__form_html_erb___4332074436960701179_70002381546900'
app/views/microposts/new.html.erb:3:in `_app_views_microposts_new_html_erb__2534129567580190163_70002381613400'
  Rendering /home/duong/.rbenv/versions/2.4.0/lib/ruby/gems/2.4.0/gems/actionpack-5.0.6/lib/action_dispatch/middleware/templates/rescues/template_error.html.erb within rescues/layout
  Rendering /home/duong/.rbenv/versions/2.4.0/lib/ruby/gems/2.4.0/gems/actionpack-5.0.6/lib/action_dispatch/middleware/templates/rescues/_source.html.erb
  Rendered /home/duong/.rbenv/versions/2.4.0/lib/ruby/gems/2.4.0/gems/actionpack-5.0.6/lib/action_dispatch/middleware/templates/rescues/_source.html.erb (19.3ms)
  Rendering /home/duong/.rbenv/versions/2.4.0/lib/ruby/gems/2.4.0/gems/actionpack-5.0.6/lib/action_dispatch/middleware/templates/rescues/_trace.html.erb
  Rendered /home/duong/.rbenv/versions/2.4.0/lib/ruby/gems/2.4.0/gems/actionpack-5.0.6/lib/action_dispatch/middleware/templates/rescues/_trace.html.erb (6.6ms)
  Rendering /home/duong/.rbenv/versions/2.4.0/lib/ruby/gems/2.4.0/gems/actionpack-5.0.6/lib/action_dispatch/middleware/templates/rescues/_request_and_response.html.erb
  Rendered /home/duong/.rbenv/versions/2.4.0/lib/ruby/gems/2.4.0/gems/actionpack-5.0.6/lib/action_dispatch/middleware/templates/rescues/_request_and_response.html.erb (1.9ms)
  Rendered /home/duong/.rbenv/versions/2.4.0/lib/ruby/gems/2.4.0/gems/actionpack-5.0.6/lib/action_dispatch/middleware/templates/rescues/template_error.html.erb within rescues/layout (68.2ms)
Started GET "/microposts/new" for 127.0.0.1 at 2017-09-25 00:04:35 +0700
Processing by MicropostsController#new as HTML
  Rendering microposts/new.html.erb within layouts/application
  [1m[36mUser Load (0.4ms)[0m  [1m[34mSELECT "users".* FROM "users"[0m
  Rendered microposts/_form.html.erb (78.7ms)
  Rendered microposts/new.html.erb within layouts/application (81.4ms)
Completed 500 Internal Server Error in 88ms (ActiveRecord: 0.4ms)


  
ActionView::Template::Error (undefined method `name' for #<Micropost:0x007f5565d58948>):
    17:   </div>
    18: 
    19:   <div class="field">
    20:     <%= f.select :name, User.all.collect {|c| [c.name]} %>
    21:     <% @users.each do |user| %>
    22:       <option><%= user.name %></option>>
    23:     <% end %>
  
app/views/microposts/_form.html.erb:20:in `block in _app_views_microposts__form_html_erb___4332074436960701179_70002378588740'
app/views/microposts/_form.html.erb:1:in `_app_views_microposts__form_html_erb___4332074436960701179_70002378588740'
app/views/microposts/new.html.erb:3:in `_app_views_microposts_new_html_erb__2534129567580190163_70002378627620'
  Rendering /home/duong/.rbenv/versions/2.4.0/lib/ruby/gems/2.4.0/gems/actionpack-5.0.6/lib/action_dispatch/middleware/templates/rescues/template_error.html.erb within rescues/layout
  Rendering /home/duong/.rbenv/versions/2.4.0/lib/ruby/gems/2.4.0/gems/actionpack-5.0.6/lib/action_dispatch/middleware/templates/rescues/_source.html.erb
  Rendered /home/duong/.rbenv/versions/2.4.0/lib/ruby/gems/2.4.0/gems/actionpack-5.0.6/lib/action_dispatch/middleware/templates/rescues/_source.html.erb (21.0ms)
  Rendering /home/duong/.rbenv/versions/2.4.0/lib/ruby/gems/2.4.0/gems/actionpack-5.0.6/lib/action_dispatch/middleware/templates/rescues/_trace.html.erb
  Rendered /home/duong/.rbenv/versions/2.4.0/lib/ruby/gems/2.4.0/gems/actionpack-5.0.6/lib/action_dispatch/middleware/templates/rescues/_trace.html.erb (7.4ms)
  Rendering /home/duong/.rbenv/versions/2.4.0/lib/ruby/gems/2.4.0/gems/actionpack-5.0.6/lib/action_dispatch/middleware/templates/rescues/_request_and_response.html.erb
  Rendered /home/duong/.rbenv/versions/2.4.0/lib/ruby/gems/2.4.0/gems/actionpack-5.0.6/lib/action_dispatch/middleware/templates/rescues/_request_and_response.html.erb (1.9ms)
  Rendered /home/duong/.rbenv/versions/2.4.0/lib/ruby/gems/2.4.0/gems/actionpack-5.0.6/lib/action_dispatch/middleware/templates/rescues/template_error.html.erb within rescues/layout (70.3ms)
Started GET "/microposts/new" for 127.0.0.1 at 2017-09-25 00:13:39 +0700
Processing by MicropostsController#new as HTML
  Rendering microposts/new.html.erb within layouts/application
  [1m[36mUser Load (0.4ms)[0m  [1m[34mSELECT "users".* FROM "users"[0m
  Rendered microposts/_form.html.erb (21.7ms)
  Rendered microposts/new.html.erb within layouts/application (25.0ms)
Completed 500 Internal Server Error in 34ms (ActiveRecord: 0.4ms)


  
ActionView::Template::Error (undefined method `user_id' for #<User:0x007f556501be38>):
    17:   </div>
    18: 
    19:   <div class="field">
    20:     <%= f.select :user_id, User.all.collect {|c| [c.user_id, c.name]} %>
    21:     <% @users.each do |user| %>
    22:       <option><%= user.name %></option>>
    23:     <% end %>
  
app/views/microposts/_form.html.erb:20:in `block (2 levels) in _app_views_microposts__form_html_erb___4332074436960701179_70002371980320'
app/views/microposts/_form.html.erb:20:in `block in _app_views_microposts__form_html_erb___4332074436960701179_70002371980320'
app/views/microposts/_form.html.erb:1:in `_app_views_microposts__form_html_erb___4332074436960701179_70002371980320'
app/views/microposts/new.html.erb:3:in `_app_views_microposts_new_html_erb__2534129567580190163_70002372096460'
  Rendering /home/duong/.rbenv/versions/2.4.0/lib/ruby/gems/2.4.0/gems/actionpack-5.0.6/lib/action_dispatch/middleware/templates/rescues/template_error.html.erb within rescues/layout
  Rendering /home/duong/.rbenv/versions/2.4.0/lib/ruby/gems/2.4.0/gems/actionpack-5.0.6/lib/action_dispatch/middleware/templates/rescues/_source.html.erb
  Rendered /home/duong/.rbenv/versions/2.4.0/lib/ruby/gems/2.4.0/gems/actionpack-5.0.6/lib/action_dispatch/middleware/templates/rescues/_source.html.erb (23.1ms)
  Rendering /home/duong/.rbenv/versions/2.4.0/lib/ruby/gems/2.4.0/gems/actionpack-5.0.6/lib/action_dispatch/middleware/templates/rescues/_trace.html.erb
  Rendered /home/duong/.rbenv/versions/2.4.0/lib/ruby/gems/2.4.0/gems/actionpack-5.0.6/lib/action_dispatch/middleware/templates/rescues/_trace.html.erb (7.1ms)
  Rendering /home/duong/.rbenv/versions/2.4.0/lib/ruby/gems/2.4.0/gems/actionpack-5.0.6/lib/action_dispatch/middleware/templates/rescues/_request_and_response.html.erb
  Rendered /home/duong/.rbenv/versions/2.4.0/lib/ruby/gems/2.4.0/gems/actionpack-5.0.6/lib/action_dispatch/middleware/templates/rescues/_request_and_response.html.erb (2.0ms)
  Rendered /home/duong/.rbenv/versions/2.4.0/lib/ruby/gems/2.4.0/gems/actionpack-5.0.6/lib/action_dispatch/middleware/templates/rescues/template_error.html.erb within rescues/layout (74.5ms)
Started GET "/microposts/new" for 127.0.0.1 at 2017-09-25 00:15:42 +0700
Processing by MicropostsController#new as HTML
  Rendering microposts/new.html.erb within layouts/application
  Rendered microposts/_form.html.erb (341.3ms)
  Rendered microposts/new.html.erb within layouts/application (343.9ms)
Completed 500 Internal Server Error in 351ms (ActiveRecord: 0.0ms)


  
ActionView::Template::Error (undefined method `option_from_collection_for_select' for #<#<Class:0x007f555c1422e8>:0x007f55648f8e08>
Did you mean?  options_from_collection_for_select
               option_groups_from_collection_for_select):
    18: 
    19:   <div class="field">
    20:     <%= f.label :user_id%>
    21:     <%= f.select :user_id, option_from_collection_for_select(User.all, :id, :name) %>
    22:   </div>
    23: 
    24:   <div class="actions">
  
app/views/microposts/_form.html.erb:21:in `block in _app_views_microposts__form_html_erb___4332074436960701179_47001782208720'
app/views/microposts/_form.html.erb:1:in `_app_views_microposts__form_html_erb___4332074436960701179_47001782208720'
app/views/microposts/new.html.erb:3:in `_app_views_microposts_new_html_erb__2534129567580190163_70002368041620'
  Rendering /home/duong/.rbenv/versions/2.4.0/lib/ruby/gems/2.4.0/gems/actionpack-5.0.6/lib/action_dispatch/middleware/templates/rescues/template_error.html.erb within rescues/layout
  Rendering /home/duong/.rbenv/versions/2.4.0/lib/ruby/gems/2.4.0/gems/actionpack-5.0.6/lib/action_dispatch/middleware/templates/rescues/_source.html.erb
  Rendered /home/duong/.rbenv/versions/2.4.0/lib/ruby/gems/2.4.0/gems/actionpack-5.0.6/lib/action_dispatch/middleware/templates/rescues/_source.html.erb (35.1ms)
  Rendering /home/duong/.rbenv/versions/2.4.0/lib/ruby/gems/2.4.0/gems/actionpack-5.0.6/lib/action_dispatch/middleware/templates/rescues/_trace.html.erb
  Rendered /home/duong/.rbenv/versions/2.4.0/lib/ruby/gems/2.4.0/gems/actionpack-5.0.6/lib/action_dispatch/middleware/templates/rescues/_trace.html.erb (10.5ms)
  Rendering /home/duong/.rbenv/versions/2.4.0/lib/ruby/gems/2.4.0/gems/actionpack-5.0.6/lib/action_dispatch/middleware/templates/rescues/_request_and_response.html.erb
  Rendered /home/duong/.rbenv/versions/2.4.0/lib/ruby/gems/2.4.0/gems/actionpack-5.0.6/lib/action_dispatch/middleware/templates/rescues/_request_and_response.html.erb (2.7ms)
  Rendered /home/duong/.rbenv/versions/2.4.0/lib/ruby/gems/2.4.0/gems/actionpack-5.0.6/lib/action_dispatch/middleware/templates/rescues/template_error.html.erb within rescues/layout (89.7ms)
Started GET "/microposts/new" for 127.0.0.1 at 2017-09-25 00:15:53 +0700
Processing by MicropostsController#new as HTML
  Rendering microposts/new.html.erb within layouts/application
  [1m[36mUser Load (0.5ms)[0m  [1m[34mSELECT "users".* FROM "users"[0m
  Rendered microposts/_form.html.erb (9.6ms)
  Rendered microposts/new.html.erb within layouts/application (13.5ms)
Completed 200 OK in 93ms (Views: 90.1ms | ActiveRecord: 0.5ms)


Started GET "/" for 127.0.0.1 at 2017-09-25 00:16:20 +0700
Processing by UsersController#index as HTML
  Rendering users/index.html.erb within layouts/application
  [1m[36mUser Load (0.3ms)[0m  [1m[34mSELECT "users".* FROM "users"[0m
  Rendered users/index.html.erb within layouts/application (35.5ms)
Completed 200 OK in 96ms (Views: 93.0ms | ActiveRecord: 0.3ms)


Started GET "/users/new" for 127.0.0.1 at 2017-09-25 00:16:22 +0700
Processing by UsersController#new as HTML
  Rendering users/new.html.erb within layouts/application
  Rendered users/_form.html.erb (5.4ms)
  Rendered users/new.html.erb within layouts/application (7.8ms)
Completed 200 OK in 61ms (Views: 59.3ms | ActiveRecord: 0.0ms)


Started POST "/users" for 127.0.0.1 at 2017-09-25 00:16:33 +0700
Processing by UsersController#create as HTML
  Parameters: {"utf8"=>"✓", "authenticity_token"=>"EZ1zISvn4NSvj0xo53sP+Ls9ixA/ZPggd6irsFOio/eW6hN2uT7oQ/yfVijz2XhKd8wQ1f5cxXi2U3W6yGAq1w==", "user"=>{"name"=>"hanh", "email"=>"hanh@gmail.com"}, "commit"=>"Create User"}
  [1m[35m (0.2ms)[0m  [1m[36mbegin transaction[0m
  [1m[35mSQL (1.2ms)[0m  [1m[32mINSERT INTO "users" ("name", "email", "created_at", "updated_at") VALUES (?, ?, ?, ?)[0m  [["name", "hanh"], ["email", "hanh@gmail.com"], ["created_at", "2017-09-24 17:16:33.448367"], ["updated_at", "2017-09-24 17:16:33.448367"]]
  [1m[35m (168.0ms)[0m  [1m[36mcommit transaction[0m
Redirected to http://localhost:3000/users/2
Completed 302 Found in 183ms (ActiveRecord: 169.4ms)


Started GET "/users/2" for 127.0.0.1 at 2017-09-25 00:16:33 +0700
Processing by UsersController#show as HTML
  Parameters: {"id"=>"2"}
  [1m[36mUser Load (0.2ms)[0m  [1m[34mSELECT  "users".* FROM "users" WHERE "users"."id" = ? LIMIT ?[0m  [["id", 2], ["LIMIT", 1]]
  Rendering users/show.html.erb within layouts/application
  [1m[36mMicropost Load (0.2ms)[0m  [1m[34mSELECT "microposts".* FROM "microposts" WHERE "microposts"."user_id" = ?[0m  [["user_id", 2]]
  Rendered users/show.html.erb within layouts/application (4.9ms)
Completed 200 OK in 63ms (Views: 59.4ms | ActiveRecord: 0.4ms)


Started GET "/users" for 127.0.0.1 at 2017-09-25 00:16:37 +0700
Processing by UsersController#index as HTML
  Rendering users/index.html.erb within layouts/application
  [1m[36mUser Load (0.4ms)[0m  [1m[34mSELECT "users".* FROM "users"[0m
  Rendered users/index.html.erb within layouts/application (5.4ms)
Completed 200 OK in 65ms (Views: 60.5ms | ActiveRecord: 0.4ms)


Started GET "/users/new" for 127.0.0.1 at 2017-09-25 00:16:38 +0700
Processing by UsersController#new as HTML
  Rendering users/new.html.erb within layouts/application
  Rendered users/_form.html.erb (5.8ms)
  Rendered users/new.html.erb within layouts/application (8.5ms)
Completed 200 OK in 72ms (Views: 67.1ms | ActiveRecord: 0.0ms)


Started POST "/users" for 127.0.0.1 at 2017-09-25 00:16:44 +0700
Processing by UsersController#create as HTML
  Parameters: {"utf8"=>"✓", "authenticity_token"=>"ikZMBBSSZQ/OjNB8XLqxH/wajDkXEHYCSxAFG70cFLMNMSxThkttmJ2cyjxIGMatMOsX/NYoS1qK69sRJt6dkw==", "user"=>{"name"=>"truy", "email"=>"thuy@gmail.com"}, "commit"=>"Create User"}
  [1m[35m (0.1ms)[0m  [1m[36mbegin transaction[0m
  [1m[35mSQL (1.7ms)[0m  [1m[32mINSERT INTO "users" ("name", "email", "created_at", "updated_at") VALUES (?, ?, ?, ?)[0m  [["name", "truy"], ["email", "thuy@gmail.com"], ["created_at", "2017-09-24 17:16:44.262586"], ["updated_at", "2017-09-24 17:16:44.262586"]]
  [1m[35m (145.2ms)[0m  [1m[36mcommit transaction[0m
Redirected to http://localhost:3000/users/3
Completed 302 Found in 154ms (ActiveRecord: 147.1ms)


Started GET "/users/3" for 127.0.0.1 at 2017-09-25 00:16:44 +0700
Processing by UsersController#show as HTML
  Parameters: {"id"=>"3"}
  [1m[36mUser Load (0.2ms)[0m  [1m[34mSELECT  "users".* FROM "users" WHERE "users"."id" = ? LIMIT ?[0m  [["id", 3], ["LIMIT", 1]]
  Rendering users/show.html.erb within layouts/application
  [1m[36mMicropost Load (0.2ms)[0m  [1m[34mSELECT "microposts".* FROM "microposts" WHERE "microposts"."user_id" = ?[0m  [["user_id", 3]]
  Rendered users/show.html.erb within layouts/application (4.6ms)
Completed 200 OK in 60ms (Views: 56.4ms | ActiveRecord: 0.4ms)


Started GET "/microposts" for 127.0.0.1 at 2017-09-25 00:16:51 +0700
Processing by MicropostsController#index as HTML
  Rendering microposts/index.html.erb within layouts/application
  [1m[36mMicropost Load (0.4ms)[0m  [1m[34mSELECT "microposts".* FROM "microposts"[0m
  Rendered microposts/index.html.erb within layouts/application (4.5ms)
Completed 200 OK in 78ms (Views: 75.2ms | ActiveRecord: 0.4ms)


Started GET "/microposts/new" for 127.0.0.1 at 2017-09-25 00:16:53 +0700
Processing by MicropostsController#new as HTML
  Rendering microposts/new.html.erb within layouts/application
  [1m[36mUser Load (0.3ms)[0m  [1m[34mSELECT "users".* FROM "users"[0m
  Rendered microposts/_form.html.erb (10.9ms)
  Rendered microposts/new.html.erb within layouts/application (13.5ms)
Completed 200 OK in 73ms (Views: 69.7ms | ActiveRecord: 0.3ms)


Started POST "/microposts" for 127.0.0.1 at 2017-09-25 00:16:58 +0700
Processing by MicropostsController#create as HTML
  Parameters: {"utf8"=>"✓", "authenticity_token"=>"aX+NAriSm+1Y/CYpGNpxjHOsV4MK1xlchMPRG5u9FD/FmtsYn7eIQuURAI4vxQL5NFdRxtCy9I8R79cP0P79KQ==", "micropost"=>{"content"=>"ưewqeqw", "user_id"=>"2"}, "commit"=>"Create Micropost"}
  [1m[35m (0.1ms)[0m  [1m[36mbegin transaction[0m
  [1m[36mUser Load (0.2ms)[0m  [1m[34mSELECT  "users".* FROM "users" WHERE "users"."id" = ? LIMIT ?[0m  [["id", 2], ["LIMIT", 1]]
  [1m[35mSQL (4.3ms)[0m  [1m[32mINSERT INTO "microposts" ("content", "user_id", "created_at", "updated_at") VALUES (?, ?, ?, ?)[0m  [["content", "ưewqeqw"], ["user_id", 2], ["created_at", "2017-09-24 17:16:58.500199"], ["updated_at", "2017-09-24 17:16:58.500199"]]
  [1m[35m (134.3ms)[0m  [1m[36mcommit transaction[0m
Redirected to http://localhost:3000/microposts/2
Completed 302 Found in 152ms (ActiveRecord: 138.9ms)


Started GET "/microposts/2" for 127.0.0.1 at 2017-09-25 00:16:58 +0700
Processing by MicropostsController#show as HTML
  Parameters: {"id"=>"2"}
  [1m[36mMicropost Load (0.4ms)[0m  [1m[34mSELECT  "microposts".* FROM "microposts" WHERE "microposts"."id" = ? LIMIT ?[0m  [["id", 2], ["LIMIT", 1]]
  Rendering microposts/show.html.erb within layouts/application
  Rendered microposts/show.html.erb within layouts/application (2.1ms)
Completed 200 OK in 61ms (Views: 55.7ms | ActiveRecord: 0.4ms)


Started GET "/microposts" for 127.0.0.1 at 2017-09-25 00:17:00 +0700
Processing by MicropostsController#index as HTML
  Rendering microposts/index.html.erb within layouts/application
  [1m[36mMicropost Load (0.3ms)[0m  [1m[34mSELECT "microposts".* FROM "microposts"[0m
  Rendered microposts/index.html.erb within layouts/application (4.5ms)
Completed 200 OK in 61ms (Views: 57.4ms | ActiveRecord: 0.3ms)


Started GET "/microposts/new" for 127.0.0.1 at 2017-09-25 00:17:02 +0700
Processing by MicropostsController#new as HTML
  Rendering microposts/new.html.erb within layouts/application
  [1m[36mUser Load (0.8ms)[0m  [1m[34mSELECT "users".* FROM "users"[0m
  Rendered microposts/_form.html.erb (16.1ms)
  Rendered microposts/new.html.erb within layouts/application (18.7ms)
Completed 200 OK in 76ms (Views: 71.9ms | ActiveRecord: 0.8ms)


Started POST "/microposts" for 127.0.0.1 at 2017-09-25 00:17:06 +0700
Processing by MicropostsController#create as HTML
  Parameters: {"utf8"=>"✓", "authenticity_token"=>"TCddMCwK68h6aFhsEpZIfUTFctoMMEcl5SKk2MdQJsfgwgsqCy/4Z8eFfssliTsIAz50n9ZVqvZwDqLMjBPP0Q==", "micropost"=>{"content"=>"ưqewqeqw", "user_id"=>"3"}, "commit"=>"Create Micropost"}
  [1m[35m (0.2ms)[0m  [1m[36mbegin transaction[0m
  [1m[36mUser Load (0.2ms)[0m  [1m[34mSELECT  "users".* FROM "users" WHERE "users"."id" = ? LIMIT ?[0m  [["id", 3], ["LIMIT", 1]]
  [1m[35mSQL (1.1ms)[0m  [1m[32mINSERT INTO "microposts" ("content", "user_id", "created_at", "updated_at") VALUES (?, ?, ?, ?)[0m  [["content", "ưqewqeqw"], ["user_id", 3], ["created_at", "2017-09-24 17:17:06.375016"], ["updated_at", "2017-09-24 17:17:06.375016"]]
  [1m[35m (100.4ms)[0m  [1m[36mcommit transaction[0m
Redirected to http://localhost:3000/microposts/3
Completed 302 Found in 115ms (ActiveRecord: 102.0ms)


Started GET "/microposts/3" for 127.0.0.1 at 2017-09-25 00:17:06 +0700
Processing by MicropostsController#show as HTML
  Parameters: {"id"=>"3"}
  [1m[36mMicropost Load (0.2ms)[0m  [1m[34mSELECT  "microposts".* FROM "microposts" WHERE "microposts"."id" = ? LIMIT ?[0m  [["id", 3], ["LIMIT", 1]]
  Rendering microposts/show.html.erb within layouts/application
  Rendered microposts/show.html.erb within layouts/application (1.7ms)
Completed 200 OK in 57ms (Views: 53.1ms | ActiveRecord: 0.2ms)


Started GET "/" for 127.0.0.1 at 2017-09-25 00:17:09 +0700
Processing by UsersController#index as HTML
  Rendering users/index.html.erb within layouts/application
  [1m[36mUser Load (0.4ms)[0m  [1m[34mSELECT "users".* FROM "users"[0m
  Rendered users/index.html.erb within layouts/application (7.3ms)
Completed 200 OK in 94ms (Views: 91.2ms | ActiveRecord: 0.4ms)


Started GET "/users/1" for 127.0.0.1 at 2017-09-25 00:17:11 +0700
Processing by UsersController#show as HTML
  Parameters: {"id"=>"1"}
  [1m[36mUser Load (0.4ms)[0m  [1m[34mSELECT  "users".* FROM "users" WHERE "users"."id" = ? LIMIT ?[0m  [["id", 1], ["LIMIT", 1]]
  Rendering users/show.html.erb within layouts/application
  [1m[36mMicropost Load (0.3ms)[0m  [1m[34mSELECT "microposts".* FROM "microposts" WHERE "microposts"."user_id" = ?[0m  [["user_id", 1]]
  Rendered users/show.html.erb within layouts/application (5.4ms)
Completed 200 OK in 64ms (Views: 58.2ms | ActiveRecord: 0.6ms)


Started GET "/users" for 127.0.0.1 at 2017-09-25 00:17:12 +0700
Processing by UsersController#index as HTML
  Rendering users/index.html.erb within layouts/application
  [1m[36mUser Load (0.4ms)[0m  [1m[34mSELECT "users".* FROM "users"[0m
  Rendered users/index.html.erb within layouts/application (4.9ms)
Completed 200 OK in 64ms (Views: 60.9ms | ActiveRecord: 0.4ms)


Started GET "/users/2" for 127.0.0.1 at 2017-09-25 00:17:13 +0700
Processing by UsersController#show as HTML
  Parameters: {"id"=>"2"}
  [1m[36mUser Load (0.2ms)[0m  [1m[34mSELECT  "users".* FROM "users" WHERE "users"."id" = ? LIMIT ?[0m  [["id", 2], ["LIMIT", 1]]
  Rendering users/show.html.erb within layouts/application
  [1m[36mMicropost Load (0.3ms)[0m  [1m[34mSELECT "microposts".* FROM "microposts" WHERE "microposts"."user_id" = ?[0m  [["user_id", 2]]
  Rendered users/show.html.erb within layouts/application (5.8ms)
Completed 200 OK in 65ms (Views: 60.2ms | ActiveRecord: 0.5ms)


Started GET "/users" for 127.0.0.1 at 2017-09-25 00:17:15 +0700
Processing by UsersController#index as HTML
  Rendering users/index.html.erb within layouts/application
  [1m[36mUser Load (0.4ms)[0m  [1m[34mSELECT "users".* FROM "users"[0m
  Rendered users/index.html.erb within layouts/application (6.0ms)
Completed 200 OK in 65ms (Views: 62.5ms | ActiveRecord: 0.4ms)


Started GET "/users/3" for 127.0.0.1 at 2017-09-25 00:17:16 +0700
Processing by UsersController#show as HTML
  Parameters: {"id"=>"3"}
  [1m[36mUser Load (0.2ms)[0m  [1m[34mSELECT  "users".* FROM "users" WHERE "users"."id" = ? LIMIT ?[0m  [["id", 3], ["LIMIT", 1]]
  Rendering users/show.html.erb within layouts/application
  [1m[36mMicropost Load (0.2ms)[0m  [1m[34mSELECT "microposts".* FROM "microposts" WHERE "microposts"."user_id" = ?[0m  [["user_id", 3]]
  Rendered users/show.html.erb within layouts/application (5.1ms)
Completed 200 OK in 64ms (Views: 60.4ms | ActiveRecord: 0.5ms)


Started GET "/users" for 127.0.0.1 at 2017-09-25 00:17:17 +0700
Processing by UsersController#index as HTML
  Rendering users/index.html.erb within layouts/application
  [1m[36mUser Load (0.4ms)[0m  [1m[34mSELECT "users".* FROM "users"[0m
  Rendered users/index.html.erb within layouts/application (6.5ms)
Completed 200 OK in 66ms (Views: 63.4ms | ActiveRecord: 0.4ms)


Started GET "/" for 127.0.0.1 at 2017-09-26 23:35:50 +0700
  [1m[36mActiveRecord::SchemaMigration Load (0.1ms)[0m  [1m[34mSELECT "schema_migrations".* FROM "schema_migrations"[0m
Processing by UsersController#index as HTML
  Rendering users/index.html.erb within layouts/application
  [1m[36mUser Load (0.2ms)[0m  [1m[34mSELECT "users".* FROM "users"[0m
  Rendered users/index.html.erb within layouts/application (9.4ms)
Completed 200 OK in 436ms (Views: 420.2ms | ActiveRecord: 0.6ms)


Started GET "/users/1/edit" for 127.0.0.1 at 2017-09-26 23:35:59 +0700
Processing by UsersController#edit as HTML
  Parameters: {"id"=>"1"}
  [1m[36mUser Load (0.3ms)[0m  [1m[34mSELECT  "users".* FROM "users" WHERE "users"."id" = ? LIMIT ?[0m  [["id", 1], ["LIMIT", 1]]
  Rendering users/edit.html.erb within layouts/application
  Rendered users/_form.html.erb (86.3ms)
  Rendered users/edit.html.erb within layouts/application (87.5ms)
Completed 200 OK in 106ms (Views: 103.2ms | ActiveRecord: 0.3ms)


Started GET "/users/1" for 127.0.0.1 at 2017-09-26 23:36:01 +0700
Processing by UsersController#show as HTML
  Parameters: {"id"=>"1"}
  [1m[36mUser Load (0.3ms)[0m  [1m[34mSELECT  "users".* FROM "users" WHERE "users"."id" = ? LIMIT ?[0m  [["id", 1], ["LIMIT", 1]]
  Rendering users/show.html.erb within layouts/application
  [1m[36mMicropost Load (0.1ms)[0m  [1m[34mSELECT "microposts".* FROM "microposts" WHERE "microposts"."user_id" = ?[0m  [["user_id", 1]]
  Rendered users/show.html.erb within layouts/application (29.8ms)
Completed 200 OK in 45ms (Views: 42.7ms | ActiveRecord: 1.2ms)


Started GET "/users" for 127.0.0.1 at 2017-09-26 23:36:02 +0700
Processing by UsersController#index as HTML
  Rendering users/index.html.erb within layouts/application
  [1m[36mUser Load (0.5ms)[0m  [1m[34mSELECT "users".* FROM "users"[0m
  Rendered users/index.html.erb within layouts/application (3.6ms)
Completed 200 OK in 23ms (Views: 21.0ms | ActiveRecord: 0.5ms)


Started GET "/users/1/edit" for 127.0.0.1 at 2017-09-26 23:36:06 +0700
Processing by UsersController#edit as HTML
  Parameters: {"id"=>"1"}
  [1m[36mUser Load (0.1ms)[0m  [1m[34mSELECT  "users".* FROM "users" WHERE "users"."id" = ? LIMIT ?[0m  [["id", 1], ["LIMIT", 1]]
  Rendering users/edit.html.erb within layouts/application
  Rendered users/_form.html.erb (1.5ms)
  Rendered users/edit.html.erb within layouts/application (2.4ms)
Completed 200 OK in 18ms (Views: 16.8ms | ActiveRecord: 0.1ms)


Started GET "/users" for 127.0.0.1 at 2017-09-26 23:36:08 +0700
Processing by UsersController#index as HTML
  Rendering users/index.html.erb within layouts/application
  [1m[36mUser Load (0.1ms)[0m  [1m[34mSELECT "users".* FROM "users"[0m
  Rendered users/index.html.erb within layouts/application (1.8ms)
Completed 200 OK in 17ms (Views: 16.1ms | ActiveRecord: 0.1ms)


Started GET "/users/1" for 127.0.0.1 at 2017-09-26 23:37:25 +0700
Processing by UsersController#show as HTML
  Parameters: {"id"=>"1"}
  [1m[36mUser Load (0.1ms)[0m  [1m[34mSELECT  "users".* FROM "users" WHERE "users"."id" = ? LIMIT ?[0m  [["id", 1], ["LIMIT", 1]]
  Rendering users/show.html.erb within layouts/application
  [1m[36mMicropost Load (0.1ms)[0m  [1m[34mSELECT "microposts".* FROM "microposts" WHERE "microposts"."user_id" = ?[0m  [["user_id", 1]]
  Rendered users/show.html.erb within layouts/application (3.0ms)
Completed 200 OK in 18ms (Views: 16.6ms | ActiveRecord: 0.2ms)


Started GET "/Micropost" for 127.0.0.1 at 2017-09-26 23:37:44 +0700
  
ActionController::RoutingError (No route matches [GET] "/Micropost"):
  
actionpack (5.0.6) lib/action_dispatch/middleware/debug_exceptions.rb:53:in `call'
web-console (3.5.1) lib/web_console/middleware.rb:135:in `call_app'
web-console (3.5.1) lib/web_console/middleware.rb:28:in `block in call'
web-console (3.5.1) lib/web_console/middleware.rb:18:in `catch'
web-console (3.5.1) lib/web_console/middleware.rb:18:in `call'
actionpack (5.0.6) lib/action_dispatch/middleware/show_exceptions.rb:31:in `call'
railties (5.0.6) lib/rails/rack/logger.rb:36:in `call_app'
railties (5.0.6) lib/rails/rack/logger.rb:24:in `block in call'
activesupport (5.0.6) lib/active_support/tagged_logging.rb:69:in `block in tagged'
activesupport (5.0.6) lib/active_support/tagged_logging.rb:26:in `tagged'
activesupport (5.0.6) lib/active_support/tagged_logging.rb:69:in `tagged'
railties (5.0.6) lib/rails/rack/logger.rb:24:in `call'
sprockets-rails (3.2.1) lib/sprockets/rails/quiet_assets.rb:13:in `call'
actionpack (5.0.6) lib/action_dispatch/middleware/request_id.rb:24:in `call'
rack (2.0.3) lib/rack/method_override.rb:22:in `call'
rack (2.0.3) lib/rack/runtime.rb:22:in `call'
activesupport (5.0.6) lib/active_support/cache/strategy/local_cache_middleware.rb:28:in `call'
actionpack (5.0.6) lib/action_dispatch/middleware/executor.rb:12:in `call'
actionpack (5.0.6) lib/action_dispatch/middleware/static.rb:136:in `call'
rack (2.0.3) lib/rack/sendfile.rb:111:in `call'
railties (5.0.6) lib/rails/engine.rb:522:in `call'
puma (3.10.0) lib/puma/configuration.rb:225:in `call'
puma (3.10.0) lib/puma/server.rb:605:in `handle_request'
puma (3.10.0) lib/puma/server.rb:437:in `process_client'
puma (3.10.0) lib/puma/server.rb:301:in `block in run'
puma (3.10.0) lib/puma/thread_pool.rb:120:in `block in spawn_thread'
  Rendering /home/dai/.rbenv/versions/2.4.0/lib/ruby/gems/2.4.0/gems/actionpack-5.0.6/lib/action_dispatch/middleware/templates/rescues/routing_error.html.erb within rescues/layout
  Rendering /home/dai/.rbenv/versions/2.4.0/lib/ruby/gems/2.4.0/gems/actionpack-5.0.6/lib/action_dispatch/middleware/templates/rescues/_trace.html.erb
  Rendered /home/dai/.rbenv/versions/2.4.0/lib/ruby/gems/2.4.0/gems/actionpack-5.0.6/lib/action_dispatch/middleware/templates/rescues/_trace.html.erb (1.0ms)
  Rendered collection of /home/dai/.rbenv/versions/2.4.0/lib/ruby/gems/2.4.0/gems/actionpack-5.0.6/lib/action_dispatch/middleware/templates/routes/_route.html.erb [17 times] (6.1ms)
  Rendered /home/dai/.rbenv/versions/2.4.0/lib/ruby/gems/2.4.0/gems/actionpack-5.0.6/lib/action_dispatch/middleware/templates/routes/_table.html.erb (1.6ms)
  Rendering /home/dai/.rbenv/versions/2.4.0/lib/ruby/gems/2.4.0/gems/actionpack-5.0.6/lib/action_dispatch/middleware/templates/rescues/_request_and_response.html.erb
  Rendered /home/dai/.rbenv/versions/2.4.0/lib/ruby/gems/2.4.0/gems/actionpack-5.0.6/lib/action_dispatch/middleware/templates/rescues/_request_and_response.html.erb (0.9ms)
  Rendered /home/dai/.rbenv/versions/2.4.0/lib/ruby/gems/2.4.0/gems/actionpack-5.0.6/lib/action_dispatch/middleware/templates/rescues/routing_error.html.erb within rescues/layout (30.8ms)
Started GET "/users" for 127.0.0.1 at 2017-09-26 23:37:50 +0700
Processing by UsersController#index as HTML
  Rendering users/index.html.erb within layouts/application
  [1m[36mUser Load (0.1ms)[0m  [1m[34mSELECT "users".* FROM "users"[0m
  Rendered users/index.html.erb within layouts/application (1.7ms)
Completed 200 OK in 18ms (Views: 17.0ms | ActiveRecord: 0.1ms)


Started GET "/users/new" for 127.0.0.1 at 2017-09-26 23:37:54 +0700
Processing by UsersController#new as HTML
  Rendering users/new.html.erb within layouts/application
  Rendered users/_form.html.erb (1.8ms)
  Rendered users/new.html.erb within layouts/application (2.6ms)
Completed 200 OK in 25ms (Views: 23.6ms | ActiveRecord: 0.0ms)


Started GET "/users" for 127.0.0.1 at 2017-09-26 23:37:56 +0700
Processing by UsersController#index as HTML
  Rendering users/index.html.erb within layouts/application
  [1m[36mUser Load (0.1ms)[0m  [1m[34mSELECT "users".* FROM "users"[0m
  Rendered users/index.html.erb within layouts/application (1.9ms)
Completed 200 OK in 19ms (Views: 18.1ms | ActiveRecord: 0.1ms)


Started GET "/users/1" for 127.0.0.1 at 2017-09-26 23:38:03 +0700
Processing by UsersController#show as HTML
  Parameters: {"id"=>"1"}
  [1m[36mUser Load (0.1ms)[0m  [1m[34mSELECT  "users".* FROM "users" WHERE "users"."id" = ? LIMIT ?[0m  [["id", 1], ["LIMIT", 1]]
  Rendering users/show.html.erb within layouts/application
  [1m[36mMicropost Load (0.1ms)[0m  [1m[34mSELECT "microposts".* FROM "microposts" WHERE "microposts"."user_id" = ?[0m  [["user_id", 1]]
  Rendered users/show.html.erb within layouts/application (1.8ms)
Completed 200 OK in 18ms (Views: 16.3ms | ActiveRecord: 0.3ms)


Started GET "/users" for 127.0.0.1 at 2017-09-26 23:38:29 +0700
Processing by UsersController#index as HTML
  Rendering users/index.html.erb within layouts/application
  [1m[36mUser Load (0.4ms)[0m  [1m[34mSELECT "users".* FROM "users"[0m
  Rendered users/index.html.erb within layouts/application (2.5ms)
Completed 200 OK in 17ms (Views: 15.4ms | ActiveRecord: 0.4ms)


Started GET "/users/1/edit" for 127.0.0.1 at 2017-09-26 23:38:32 +0700
Processing by UsersController#edit as HTML
  Parameters: {"id"=>"1"}
  [1m[36mUser Load (0.1ms)[0m  [1m[34mSELECT  "users".* FROM "users" WHERE "users"."id" = ? LIMIT ?[0m  [["id", 1], ["LIMIT", 1]]
  Rendering users/edit.html.erb within layouts/application
  Rendered users/_form.html.erb (1.5ms)
  Rendered users/edit.html.erb within layouts/application (2.3ms)
Completed 200 OK in 18ms (Views: 17.1ms | ActiveRecord: 0.1ms)


Started PATCH "/users/1" for 127.0.0.1 at 2017-09-26 23:38:42 +0700
Processing by UsersController#update as HTML
  Parameters: {"utf8"=>"✓", "authenticity_token"=>"s7JcJo1Mc7sVI8WJsY5W8Vvf37d2m6ldZlbhsCxGNoy0qzpLMfe2fXrBj5nSzAae6BnytPyPowQY3Mc22UJL4w==", "user"=>{"name"=>"dai", "email"=>"dai@gmail.com"}, "commit"=>"Update User", "id"=>"1"}
  [1m[36mUser Load (0.1ms)[0m  [1m[34mSELECT  "users".* FROM "users" WHERE "users"."id" = ? LIMIT ?[0m  [["id", 1], ["LIMIT", 1]]
  [1m[35m (0.1ms)[0m  [1m[36mbegin transaction[0m
  [1m[35mSQL (0.2ms)[0m  [1m[33mUPDATE "users" SET "name" = ?, "email" = ?, "updated_at" = ? WHERE "users"."id" = ?[0m  [["name", "dai"], ["email", "dai@gmail.com"], ["updated_at", "2017-09-26 16:38:42.436582"], ["id", 1]]
  [1m[35m (157.5ms)[0m  [1m[36mcommit transaction[0m
Redirected to http://localhost:3000/users/1
Completed 302 Found in 162ms (ActiveRecord: 157.8ms)


Started GET "/users/1" for 127.0.0.1 at 2017-09-26 23:38:42 +0700
Processing by UsersController#show as HTML
  Parameters: {"id"=>"1"}
  [1m[36mUser Load (0.1ms)[0m  [1m[34mSELECT  "users".* FROM "users" WHERE "users"."id" = ? LIMIT ?[0m  [["id", 1], ["LIMIT", 1]]
  Rendering users/show.html.erb within layouts/application
  [1m[36mMicropost Load (0.1ms)[0m  [1m[34mSELECT "microposts".* FROM "microposts" WHERE "microposts"."user_id" = ?[0m  [["user_id", 1]]
  Rendered users/show.html.erb within layouts/application (1.9ms)
Completed 200 OK in 20ms (Views: 18.1ms | ActiveRecord: 0.2ms)


Started GET "/users" for 127.0.0.1 at 2017-09-26 23:38:45 +0700
Processing by UsersController#index as HTML
  Rendering users/index.html.erb within layouts/application
  [1m[36mUser Load (0.2ms)[0m  [1m[34mSELECT "users".* FROM "users"[0m
  Rendered users/index.html.erb within layouts/application (2.4ms)
Completed 200 OK in 34ms (Views: 33.1ms | ActiveRecord: 0.2ms)


Started GET "/users/2/edit" for 127.0.0.1 at 2017-09-26 23:38:47 +0700
Processing by UsersController#edit as HTML
  Parameters: {"id"=>"2"}
  [1m[36mUser Load (0.1ms)[0m  [1m[34mSELECT  "users".* FROM "users" WHERE "users"."id" = ? LIMIT ?[0m  [["id", 2], ["LIMIT", 1]]
  Rendering users/edit.html.erb within layouts/application
  Rendered users/_form.html.erb (1.5ms)
  Rendered users/edit.html.erb within layouts/application (2.3ms)
Completed 200 OK in 19ms (Views: 17.8ms | ActiveRecord: 0.1ms)


Started PATCH "/users/2" for 127.0.0.1 at 2017-09-26 23:39:01 +0700
Processing by UsersController#update as HTML
  Parameters: {"utf8"=>"✓", "authenticity_token"=>"w3QtGa5H3hc2E23bimF6DxkicI5cHqciGynHVBadRwVg5Rv0ZIIPP5xxPAVHCMeImpLvz40D9dxZTDdLUAf6BA==", "user"=>{"name"=>"lam", "email"=>"lamthonanlon@gmail.com"}, "commit"=>"Update User", "id"=>"2"}
  [1m[36mUser Load (0.1ms)[0m  [1m[34mSELECT  "users".* FROM "users" WHERE "users"."id" = ? LIMIT ?[0m  [["id", 2], ["LIMIT", 1]]
  [1m[35m (0.0ms)[0m  [1m[36mbegin transaction[0m
  [1m[35mSQL (0.5ms)[0m  [1m[33mUPDATE "users" SET "name" = ?, "email" = ?, "updated_at" = ? WHERE "users"."id" = ?[0m  [["name", "lam"], ["email", "lamthonanlon@gmail.com"], ["updated_at", "2017-09-26 16:39:01.521139"], ["id", 2]]
  [1m[35m (168.2ms)[0m  [1m[36mcommit transaction[0m
Redirected to http://localhost:3000/users/2
Completed 302 Found in 172ms (ActiveRecord: 168.8ms)


Started GET "/users/2" for 127.0.0.1 at 2017-09-26 23:39:01 +0700
Processing by UsersController#show as HTML
  Parameters: {"id"=>"2"}
  [1m[36mUser Load (0.6ms)[0m  [1m[34mSELECT  "users".* FROM "users" WHERE "users"."id" = ? LIMIT ?[0m  [["id", 2], ["LIMIT", 1]]
  Rendering users/show.html.erb within layouts/application
  [1m[36mMicropost Load (0.1ms)[0m  [1m[34mSELECT "microposts".* FROM "microposts" WHERE "microposts"."user_id" = ?[0m  [["user_id", 2]]
  Rendered users/show.html.erb within layouts/application (2.0ms)
Completed 200 OK in 20ms (Views: 17.3ms | ActiveRecord: 0.7ms)


Started GET "/users" for 127.0.0.1 at 2017-09-26 23:39:03 +0700
Processing by UsersController#index as HTML
  Rendering users/index.html.erb within layouts/application
  [1m[36mUser Load (0.1ms)[0m  [1m[34mSELECT "users".* FROM "users"[0m
  Rendered users/index.html.erb within layouts/application (1.8ms)
Completed 200 OK in 19ms (Views: 17.9ms | ActiveRecord: 0.1ms)


Started GET "/users/3" for 127.0.0.1 at 2017-09-26 23:39:05 +0700
Processing by UsersController#show as HTML
  Parameters: {"id"=>"3"}
  [1m[36mUser Load (0.1ms)[0m  [1m[34mSELECT  "users".* FROM "users" WHERE "users"."id" = ? LIMIT ?[0m  [["id", 3], ["LIMIT", 1]]
  Rendering users/show.html.erb within layouts/application
  [1m[36mMicropost Load (0.1ms)[0m  [1m[34mSELECT "microposts".* FROM "microposts" WHERE "microposts"."user_id" = ?[0m  [["user_id", 3]]
  Rendered users/show.html.erb within layouts/application (1.6ms)
Completed 200 OK in 17ms (Views: 15.8ms | ActiveRecord: 0.2ms)


Started GET "/users/3/edit" for 127.0.0.1 at 2017-09-26 23:39:07 +0700
Processing by UsersController#edit as HTML
  Parameters: {"id"=>"3"}
  [1m[36mUser Load (0.1ms)[0m  [1m[34mSELECT  "users".* FROM "users" WHERE "users"."id" = ? LIMIT ?[0m  [["id", 3], ["LIMIT", 1]]
  Rendering users/edit.html.erb within layouts/application
  Rendered users/_form.html.erb (1.8ms)
  Rendered users/edit.html.erb within layouts/application (2.7ms)
Completed 200 OK in 17ms (Views: 16.0ms | ActiveRecord: 0.1ms)


Started PATCH "/users/3" for 127.0.0.1 at 2017-09-26 23:39:18 +0700
Processing by UsersController#update as HTML
  Parameters: {"utf8"=>"✓", "authenticity_token"=>"p/9xPpekClAWr/tiC6l/pop+jBfT3vLeLGL3rJOgJGvhS5lHQI+0TLiK7jwSwFSIGwV3SlJT8jQpFcEkkKp83Q==", "user"=>{"name"=>"khoa", "email"=>"khoasan@gmail.com"}, "commit"=>"Update User", "id"=>"3"}
  [1m[36mUser Load (0.1ms)[0m  [1m[34mSELECT  "users".* FROM "users" WHERE "users"."id" = ? LIMIT ?[0m  [["id", 3], ["LIMIT", 1]]
  [1m[35m (0.1ms)[0m  [1m[36mbegin transaction[0m
  [1m[35mSQL (0.2ms)[0m  [1m[33mUPDATE "users" SET "name" = ?, "email" = ?, "updated_at" = ? WHERE "users"."id" = ?[0m  [["name", "khoa"], ["email", "khoasan@gmail.com"], ["updated_at", "2017-09-26 16:39:18.385619"], ["id", 3]]
  [1m[35m (149.3ms)[0m  [1m[36mcommit transaction[0m
Redirected to http://localhost:3000/users/3
Completed 302 Found in 154ms (ActiveRecord: 149.6ms)


Started GET "/users/3" for 127.0.0.1 at 2017-09-26 23:39:18 +0700
Processing by UsersController#show as HTML
  Parameters: {"id"=>"3"}
  [1m[36mUser Load (0.1ms)[0m  [1m[34mSELECT  "users".* FROM "users" WHERE "users"."id" = ? LIMIT ?[0m  [["id", 3], ["LIMIT", 1]]
  Rendering users/show.html.erb within layouts/application
  [1m[36mMicropost Load (0.1ms)[0m  [1m[34mSELECT "microposts".* FROM "microposts" WHERE "microposts"."user_id" = ?[0m  [["user_id", 3]]
  Rendered users/show.html.erb within layouts/application (1.8ms)
Completed 200 OK in 20ms (Views: 18.2ms | ActiveRecord: 0.3ms)


Started GET "/users" for 127.0.0.1 at 2017-09-26 23:39:23 +0700
Processing by UsersController#index as HTML
  Rendering users/index.html.erb within layouts/application
  [1m[36mUser Load (0.2ms)[0m  [1m[34mSELECT "users".* FROM "users"[0m
  Rendered users/index.html.erb within layouts/application (2.6ms)
Completed 200 OK in 18ms (Views: 17.4ms | ActiveRecord: 0.2ms)


